#-----------------------------------------------------------
# Vivado v2016.2 (64-bit)
# SW Build 1577090 on Thu Jun  2 16:32:40 MDT 2016
# IP Build 1577682 on Fri Jun  3 12:00:54 MDT 2016
# Start of session at: Sat Dec 24 21:38:24 2016
# Process ID: 1880
# Current directory: C:/Users/Alexandre/Desktop/SD2_LAB/Relatorio 4/project_4
# Command line: vivado.exe -gui_launcher_event rodinguilauncherevent8024 C:\Users\Alexandre\Desktop\SD2_LAB\Relatorio 4\project_4\project_4.xpr
# Log file: C:/Users/Alexandre/Desktop/SD2_LAB/Relatorio 4/project_4/vivado.log
# Journal file: C:/Users/Alexandre/Desktop/SD2_LAB/Relatorio 4/project_4\vivado.jou
#-----------------------------------------------------------
start_gui
open_project {C:/Users/Alexandre/Desktop/SD2_LAB/Relatorio 4/project_4/project_4.xpr}
Scanning sources...
Finished scanning sources
INFO: [IP_Flow 19-234] Refreshing IP repositories
INFO: [IP_Flow 19-1704] No user IP repositories specified
INFO: [IP_Flow 19-2313] Loaded Vivado IP repository 'C:/Xilinx/Vivado/2016.2/data/ip'.
open_project: Time (s): cpu = 00:00:11 ; elapsed = 00:00:09 . Memory (MB): peak = 692.898 ; gain = 105.426
update_compile_order -fileset sources_1
