Copyright 1986-2016 Xilinx, Inc. All Rights Reserved.
----------------------------------------------------------------------------------------------------------------------------------------------------
| Tool Version     : Vivado v.2016.2 (win64) Build 1577090 Thu Jun  2 16:32:40 MDT 2016
| Date             : Fri Nov 25 09:31:04 2016
| Host             : DESKTOP-7FAJQ9S running 64-bit major release  (build 9200)
| Command          : report_power -file global_top_power_routed.rpt -pb global_top_power_summary_routed.pb -rpx global_top_power_routed.rpx
| Design           : global_top
| Device           : xc7a35tcpg236-1
| Design State     : routed
| Grade            : commercial
| Process          : typical
| Characterization : Production
----------------------------------------------------------------------------------------------------------------------------------------------------

Power Report

Table of Contents
-----------------
1. Summary
1.1 On-Chip Components
1.2 Power Supply Summary
1.3 Confidence Level
2. Settings
2.1 Environment
2.2 Clock Constraints
3. Detailed Reports
3.1 By Hierarchy

1. Summary
----------

+--------------------------+-------+
| Total On-Chip Power (W)  | 0.105 |
| Dynamic (W)              | 0.033 |
| Device Static (W)        | 0.072 |
| Effective TJA (C/W)      | 5.0   |
| Max Ambient (C)          | 84.5  |
| Junction Temperature (C) | 25.5  |
| Confidence Level         | Low   |
| Setting File             | ---   |
| Simulation Activity File | ---   |
| Design Nets Matched      | NA    |
+--------------------------+-------+


1.1 On-Chip Components
----------------------

+--------------------------+-----------+----------+-----------+-----------------+
| On-Chip                  | Power (W) | Used     | Available | Utilization (%) |
+--------------------------+-----------+----------+-----------+-----------------+
| Clocks                   |     0.002 |        3 |       --- |             --- |
| Slice Logic              |     0.007 |     1408 |       --- |             --- |
|   LUT as Logic           |     0.006 |      504 |     20800 |            2.42 |
|   LUT as Distributed RAM |    <0.001 |       72 |      9600 |            0.75 |
|   CARRY4                 |    <0.001 |       55 |      8150 |            0.67 |
|   Register               |    <0.001 |      450 |     41600 |            1.08 |
|   BUFG                   |    <0.001 |        3 |        32 |            9.38 |
|   F7/F8 Muxes            |    <0.001 |        4 |     32600 |            0.01 |
|   Others                 |     0.000 |       67 |       --- |             --- |
| Signals                  |     0.006 |     1119 |       --- |             --- |
| Block RAM                |     0.001 |        3 |        50 |            6.00 |
| I/O                      |     0.016 |       45 |       106 |           42.45 |
| Static Power             |     0.072 |          |           |                 |
| Total                    |     0.105 |          |           |                 |
+--------------------------+-----------+----------+-----------+-----------------+


1.2 Power Supply Summary
------------------------

+-----------+-------------+-----------+-------------+------------+
| Source    | Voltage (V) | Total (A) | Dynamic (A) | Static (A) |
+-----------+-------------+-----------+-------------+------------+
| Vccint    |       1.000 |     0.026 |       0.017 |      0.010 |
| Vccaux    |       1.800 |     0.013 |       0.001 |      0.013 |
| Vcco33    |       3.300 |     0.006 |       0.005 |      0.001 |
| Vcco25    |       2.500 |     0.000 |       0.000 |      0.000 |
| Vcco18    |       1.800 |     0.000 |       0.000 |      0.000 |
| Vcco15    |       1.500 |     0.000 |       0.000 |      0.000 |
| Vcco135   |       1.350 |     0.000 |       0.000 |      0.000 |
| Vcco12    |       1.200 |     0.000 |       0.000 |      0.000 |
| Vccaux_io |       1.800 |     0.000 |       0.000 |      0.000 |
| Vccbram   |       1.000 |     0.000 |       0.000 |      0.000 |
| MGTAVcc   |       1.000 |     0.000 |       0.000 |      0.000 |
| MGTAVtt   |       1.200 |     0.000 |       0.000 |      0.000 |
| Vccadc    |       1.800 |     0.020 |       0.000 |      0.020 |
+-----------+-------------+-----------+-------------+------------+


1.3 Confidence Level
--------------------

+-----------------------------+------------+--------------------------------------------------------+--------------------------------------------------------------------------------------------------------------------+
| User Input Data             | Confidence | Details                                                | Action                                                                                                             |
+-----------------------------+------------+--------------------------------------------------------+--------------------------------------------------------------------------------------------------------------------+
| Design implementation state | High       | Design is routed                                       |                                                                                                                    |
| Clock nodes activity        | Medium     | More than 5% of clocks are missing user specification  | Provide missing clock activity with a constraint file, simulation results or by editing the "By Clock Domain" view |
| I/O nodes activity          | Low        | More than 75% of inputs are missing user specification | Provide missing input activity with simulation results or by editing the "By Resource Type -> I/Os" view           |
| Internal nodes activity     | Medium     | User specified less than 25% of internal nodes         | Provide missing internal nodes activity with simulation results or by editing the "By Resource Type" views         |
| Device models               | High       | Device models are Production                           |                                                                                                                    |
|                             |            |                                                        |                                                                                                                    |
| Overall confidence level    | Low        |                                                        |                                                                                                                    |
+-----------------------------+------------+--------------------------------------------------------+--------------------------------------------------------------------------------------------------------------------+


2. Settings
-----------

2.1 Environment
---------------

+-----------------------+--------------------------+
| Ambient Temp (C)      | 25.0                     |
| ThetaJA (C/W)         | 5.0                      |
| Airflow (LFM)         | 250                      |
| Heat Sink             | medium (Medium Profile)  |
| ThetaSA (C/W)         | 4.6                      |
| Board Selection       | medium (10"x10")         |
| # of Board Layers     | 12to15 (12 to 15 Layers) |
| Board Temperature (C) | 25.0                     |
+-----------------------+--------------------------+


2.2 Clock Constraints
---------------------

+-------------+--------+-----------------+
| Clock       | Domain | Constraint (ns) |
+-------------+--------+-----------------+
| sys_clk_pin | clk    |            10.0 |
+-------------+--------+-----------------+


3. Detailed Reports
-------------------

3.1 By Hierarchy
----------------

+-----------------------------------------------------------+-----------+
| Name                                                      | Power (W) |
+-----------------------------------------------------------+-----------+
| global_top                                                |     0.033 |
|   TOP1                                                    |     0.004 |
|     processor                                             |     0.003 |
|       active_interrupt_lut                                |    <0.001 |
|       address_loop[0].output_data.pc_vector_mux_lut       |    <0.001 |
|       address_loop[10].output_data.pc_vector_mux_lut      |    <0.001 |
|       address_loop[2].output_data.pc_vector_mux_lut       |    <0.001 |
|       address_loop[4].output_data.pc_vector_mux_lut       |    <0.001 |
|       address_loop[6].output_data.pc_vector_mux_lut       |    <0.001 |
|       address_loop[8].output_data.pc_vector_mux_lut       |    <0.001 |
|       alu_decode0_lut                                     |    <0.001 |
|       alu_decode1_lut                                     |    <0.001 |
|       alu_decode2_lut                                     |    <0.001 |
|       carry_flag_lut                                      |    <0.001 |
|       data_path_loop[0].arith_logical_lut                 |    <0.001 |
|       data_path_loop[0].lsb_shift_rotate.shift_rotate_lut |    <0.001 |
|       data_path_loop[0].output_data.sy_kk_mux_lut         |    <0.001 |
|       data_path_loop[0].second_operand.out_port_lut       |    <0.001 |
|       data_path_loop[0].small_spm.small_spm_ram.spm_ram   |    <0.001 |
|       data_path_loop[1].arith_logical_lut                 |    <0.001 |
|       data_path_loop[2].arith_logical_lut                 |    <0.001 |
|       data_path_loop[2].mid_shift_rotate.shift_rotate_lut |    <0.001 |
|       data_path_loop[2].output_data.sy_kk_mux_lut         |    <0.001 |
|       data_path_loop[2].second_operand.out_port_lut       |    <0.001 |
|       data_path_loop[3].arith_logical_lut                 |    <0.001 |
|       data_path_loop[4].arith_logical_lut                 |    <0.001 |
|       data_path_loop[4].mid_shift_rotate.shift_rotate_lut |    <0.001 |
|       data_path_loop[4].output_data.sy_kk_mux_lut         |    <0.001 |
|       data_path_loop[4].second_operand.out_port_lut       |    <0.001 |
|       data_path_loop[4].small_spm.small_spm_ram.spm_ram   |    <0.001 |
|       data_path_loop[5].arith_logical_lut                 |    <0.001 |
|       data_path_loop[6].arith_logical_lut                 |    <0.001 |
|       data_path_loop[6].msb_shift_rotate.shift_rotate_lut |    <0.001 |
|       data_path_loop[6].output_data.sy_kk_mux_lut         |    <0.001 |
|       data_path_loop[6].second_operand.out_port_lut       |    <0.001 |
|       data_path_loop[7].arith_logical_lut                 |    <0.001 |
|       int_enable_type_lut                                 |    <0.001 |
|       lower_reg_banks                                     |    <0.001 |
|       move_type_lut                                       |    <0.001 |
|       pc_mode1_lut                                        |    <0.001 |
|       push_pop_lut                                        |    <0.001 |
|       register_enable_lut                                 |    <0.001 |
|       register_enable_type_lut                            |    <0.001 |
|       reset_lut                                           |    <0.001 |
|       stack_ram_high                                      |    <0.001 |
|       stack_ram_low                                       |    <0.001 |
|       t_state_lut                                         |    <0.001 |
|       upper_reg_banks                                     |    <0.001 |
|       use_zero_flag_lut                                   |    <0.001 |
|     program_rom                                           |    <0.001 |
|       instantiate_loader.jtag_loader_6_inst               |    <0.001 |
|   TOP2                                                    |     0.004 |
|     processor                                             |     0.003 |
|       active_interrupt_lut                                |    <0.001 |
|       address_loop[0].output_data.pc_vector_mux_lut       |    <0.001 |
|       address_loop[10].output_data.pc_vector_mux_lut      |    <0.001 |
|       address_loop[2].output_data.pc_vector_mux_lut       |    <0.001 |
|       address_loop[4].output_data.pc_vector_mux_lut       |    <0.001 |
|       address_loop[6].output_data.pc_vector_mux_lut       |    <0.001 |
|       address_loop[8].output_data.pc_vector_mux_lut       |    <0.001 |
|       alu_decode0_lut                                     |    <0.001 |
|       alu_decode1_lut                                     |    <0.001 |
|       alu_decode2_lut                                     |    <0.001 |
|       carry_flag_lut                                      |    <0.001 |
|       data_path_loop[0].arith_logical_lut                 |    <0.001 |
|       data_path_loop[0].lsb_shift_rotate.shift_rotate_lut |    <0.001 |
|       data_path_loop[0].output_data.sy_kk_mux_lut         |    <0.001 |
|       data_path_loop[0].second_operand.out_port_lut       |    <0.001 |
|       data_path_loop[0].small_spm.small_spm_ram.spm_ram   |    <0.001 |
|       data_path_loop[1].arith_logical_lut                 |    <0.001 |
|       data_path_loop[2].arith_logical_lut                 |    <0.001 |
|       data_path_loop[2].mid_shift_rotate.shift_rotate_lut |    <0.001 |
|       data_path_loop[2].output_data.sy_kk_mux_lut         |    <0.001 |
|       data_path_loop[2].second_operand.out_port_lut       |    <0.001 |
|       data_path_loop[3].arith_logical_lut                 |    <0.001 |
|       data_path_loop[4].arith_logical_lut                 |    <0.001 |
|       data_path_loop[4].mid_shift_rotate.shift_rotate_lut |    <0.001 |
|       data_path_loop[4].output_data.sy_kk_mux_lut         |    <0.001 |
|       data_path_loop[4].second_operand.out_port_lut       |    <0.001 |
|       data_path_loop[4].small_spm.small_spm_ram.spm_ram   |    <0.001 |
|       data_path_loop[5].arith_logical_lut                 |    <0.001 |
|       data_path_loop[6].arith_logical_lut                 |    <0.001 |
|       data_path_loop[6].msb_shift_rotate.shift_rotate_lut |    <0.001 |
|       data_path_loop[6].output_data.sy_kk_mux_lut         |    <0.001 |
|       data_path_loop[6].second_operand.out_port_lut       |    <0.001 |
|       data_path_loop[7].arith_logical_lut                 |    <0.001 |
|       int_enable_type_lut                                 |    <0.001 |
|       lower_reg_banks                                     |    <0.001 |
|       move_type_lut                                       |    <0.001 |
|       pc_mode1_lut                                        |    <0.001 |
|       push_pop_lut                                        |    <0.001 |
|       register_enable_lut                                 |    <0.001 |
|       register_enable_type_lut                            |    <0.001 |
|       reset_lut                                           |    <0.001 |
|       stack_ram_high                                      |    <0.001 |
|       stack_ram_low                                       |    <0.001 |
|       t_state_lut                                         |    <0.001 |
|       upper_reg_banks                                     |    <0.001 |
|       use_zero_flag_lut                                   |    <0.001 |
|     program_rom                                           |    <0.001 |
|       instantiate_loader.jtag_loader_6_inst               |    <0.001 |
|   TOP3                                                    |     0.004 |
|     processor                                             |     0.003 |
|       active_interrupt_lut                                |    <0.001 |
|       address_loop[0].output_data.pc_vector_mux_lut       |    <0.001 |
|       address_loop[10].output_data.pc_vector_mux_lut      |    <0.001 |
|       address_loop[2].output_data.pc_vector_mux_lut       |    <0.001 |
|       address_loop[4].output_data.pc_vector_mux_lut       |    <0.001 |
|       address_loop[6].output_data.pc_vector_mux_lut       |    <0.001 |
|       address_loop[8].output_data.pc_vector_mux_lut       |    <0.001 |
|       alu_decode0_lut                                     |    <0.001 |
|       alu_decode1_lut                                     |    <0.001 |
|       alu_decode2_lut                                     |    <0.001 |
|       carry_flag_lut                                      |    <0.001 |
|       data_path_loop[0].arith_logical_lut                 |    <0.001 |
|       data_path_loop[0].lsb_shift_rotate.shift_rotate_lut |    <0.001 |
|       data_path_loop[0].output_data.sy_kk_mux_lut         |    <0.001 |
|       data_path_loop[0].second_operand.out_port_lut       |    <0.001 |
|       data_path_loop[0].small_spm.small_spm_ram.spm_ram   |    <0.001 |
|       data_path_loop[1].arith_logical_lut                 |    <0.001 |
|       data_path_loop[2].arith_logical_lut                 |    <0.001 |
|       data_path_loop[2].mid_shift_rotate.shift_rotate_lut |    <0.001 |
|       data_path_loop[2].output_data.sy_kk_mux_lut         |    <0.001 |
|       data_path_loop[2].second_operand.out_port_lut       |    <0.001 |
|       data_path_loop[3].arith_logical_lut                 |    <0.001 |
|       data_path_loop[4].arith_logical_lut                 |    <0.001 |
|       data_path_loop[4].mid_shift_rotate.shift_rotate_lut |    <0.001 |
|       data_path_loop[4].output_data.sy_kk_mux_lut         |    <0.001 |
|       data_path_loop[4].second_operand.out_port_lut       |    <0.001 |
|       data_path_loop[4].small_spm.small_spm_ram.spm_ram   |    <0.001 |
|       data_path_loop[5].arith_logical_lut                 |    <0.001 |
|       data_path_loop[6].arith_logical_lut                 |    <0.001 |
|       data_path_loop[6].msb_shift_rotate.shift_rotate_lut |    <0.001 |
|       data_path_loop[6].output_data.sy_kk_mux_lut         |    <0.001 |
|       data_path_loop[6].second_operand.out_port_lut       |    <0.001 |
|       data_path_loop[7].arith_logical_lut                 |    <0.001 |
|       int_enable_type_lut                                 |    <0.001 |
|       lower_reg_banks                                     |    <0.001 |
|       move_type_lut                                       |    <0.001 |
|       pc_mode1_lut                                        |    <0.001 |
|       push_pop_lut                                        |    <0.001 |
|       register_enable_lut                                 |    <0.001 |
|       register_enable_type_lut                            |    <0.001 |
|       reset_lut                                           |    <0.001 |
|       stack_ram_high                                      |    <0.001 |
|       stack_ram_low                                       |    <0.001 |
|       t_state_lut                                         |    <0.001 |
|       upper_reg_banks                                     |    <0.001 |
|       use_zero_flag_lut                                   |    <0.001 |
|     program_rom                                           |    <0.001 |
|       instantiate_loader.jtag_loader_6_inst               |    <0.001 |
|   U1                                                      |     0.003 |
+-----------------------------------------------------------+-----------+


